<!DOCTYPE html>

<html>
  <head>
  <meta charset='utf-8'>
  <title>TestNG reports</title>

    <link type="text/css" href="testng-reports.css" rel="stylesheet" />
    <script type="text/javascript" src="jquery-3.4.1.min.js"></script>
    <script type="text/javascript" src="testng-reports.js"></script>
    <script type="text/javascript" src="https://www.google.com/jsapi"></script>
    <script type='text/javascript'>
      google.load('visualization', '1', {packages:['table']});
      google.setOnLoadCallback(drawTable);
      var suiteTableInitFunctions = new Array();
      var suiteTableData = new Array();
    </script>
    <!--
      <script type="text/javascript" src="jquery-ui/js/jquery-ui-1.8.16.custom.min.js"></script>
     -->
  </head>

  <body>
    <div class="top-banner-root">
      <span class="top-banner-title-font">Test results</span>
      <br/>
      <span class="top-banner-font-1">1 suite</span>
    </div> <!-- top-banner-root -->
    <div class="navigator-root">
      <div class="navigator-suite-header">
        <span>All suites</span>
        <a href="#" class="collapse-all-link" title="Collapse/expand all the suites">
          <img class="collapse-all-icon" src="collapseall.gif">
          </img> <!-- collapse-all-icon -->
        </a> <!-- collapse-all-link -->
      </div> <!-- navigator-suite-header -->
      <div class="suite">
        <div class="rounded-window">
          <div class="suite-header light-rounded-window-top">
            <a href="#" class="navigator-link" panel-name="suite-Command_line_suite">
              <span class="suite-name border-skipped">Command line suite</span>
            </a> <!-- navigator-link -->
          </div> <!-- suite-header light-rounded-window-top -->
          <div class="navigator-suite-content">
            <div class="suite-section-title">
              <span>Info</span>
            </div> <!-- suite-section-title -->
            <div class="suite-section-content">
              <ul>
                <li>
                  <a href="#" class="navigator-link " panel-name="test-xml-Command_line_suite">
                    <span>[unset file name]</span>
                  </a> <!-- navigator-link  -->
                </li>
                <li>
                  <a href="#" class="navigator-link " panel-name="testlist-Command_line_suite">
                    <span class="test-stats">1 test</span>
                  </a> <!-- navigator-link  -->
                </li>
                <li>
                  <a href="#" class="navigator-link " panel-name="group-Command_line_suite">
                    <span>0 groups</span>
                  </a> <!-- navigator-link  -->
                </li>
                <li>
                  <a href="#" class="navigator-link " panel-name="times-Command_line_suite">
                    <span>Times</span>
                  </a> <!-- navigator-link  -->
                </li>
                <li>
                  <a href="#" class="navigator-link " panel-name="reporter-Command_line_suite">
                    <span>Reporter output</span>
                  </a> <!-- navigator-link  -->
                </li>
                <li>
                  <a href="#" class="navigator-link " panel-name="ignored-methods-Command_line_suite">
                    <span>Ignored methods</span>
                  </a> <!-- navigator-link  -->
                </li>
                <li>
                  <a href="#" class="navigator-link " panel-name="chronological-Command_line_suite">
                    <span>Chronological view</span>
                  </a> <!-- navigator-link  -->
                </li>
              </ul>
            </div> <!-- suite-section-content -->
            <div class="result-section">
              <div class="suite-section-title">
                <span>Results</span>
              </div> <!-- suite-section-title -->
              <div class="suite-section-content">
                <ul>
                  <li>
                    <span class="method-stats">5 methods,  5 skipped,  </span>
                  </li>
                  <li>
                    <span class="method-list-title skipped">Skipped methods</span>
                    <span class="show-or-hide-methods skipped">
                      <a href="#" panel-name="suite-Command_line_suite" class="hide-methods skipped suite-Command_line_suite"> (hide)</a> <!-- hide-methods skipped suite-Command_line_suite -->
                      <a href="#" panel-name="suite-Command_line_suite" class="show-methods skipped suite-Command_line_suite"> (show)</a> <!-- show-methods skipped suite-Command_line_suite -->
                    </span>
                    <div class="method-list-content skipped suite-Command_line_suite">
                      <span>
                        <img width="3%" src="skipped.png"/>
                        <a href="#" class="method navigator-link" panel-name="suite-Command_line_suite" title="futuready.friends.LoginPageTest" hash-for-method="basePageNavigation">basePageNavigation</a> <!-- method navigator-link -->
                      </span>
                      <br/>
                      <span>
                        <img width="3%" src="skipped.png"/>
                        <a href="#" class="method navigator-link" panel-name="suite-Command_line_suite" title="futuready.friends.HealthInsuranceTest" hash-for-method="createHealthInsurance">createHealthInsurance</a> <!-- method navigator-link -->
                      </span>
                      <br/>
                      <span>
                        <img width="3%" src="skipped.png"/>
                        <a href="#" class="method navigator-link" panel-name="suite-Command_line_suite" title="futuready.friends.LifeinsuranceTest" hash-for-method="createLifeInsurance">createLifeInsurance</a> <!-- method navigator-link -->
                      </span>
                      <br/>
                      <span>
                        <img width="3%" src="skipped.png"/>
                        <a href="#" class="method navigator-link" panel-name="suite-Command_line_suite" title="futuready.friends.MotorInsuranceTest" hash-for-method="createMotorInsurance">createMotorInsurance</a> <!-- method navigator-link -->
                      </span>
                      <br/>
                      <span>
                        <img width="3%" src="skipped.png"/>
                        <a href="#" class="method navigator-link" panel-name="suite-Command_line_suite" title="futuready.friends.PAInsuranceTest" hash-for-method="createPAInsurance">createPAInsurance</a> <!-- method navigator-link -->
                      </span>
                      <br/>
                    </div> <!-- method-list-content skipped suite-Command_line_suite -->
                  </li>
                </ul>
              </div> <!-- suite-section-content -->
            </div> <!-- result-section -->
          </div> <!-- navigator-suite-content -->
        </div> <!-- rounded-window -->
      </div> <!-- suite -->
    </div> <!-- navigator-root -->
    <div class="wrapper">
      <div class="main-panel-root">
        <div panel-name="suite-Command_line_suite" class="panel Command_line_suite">
          <div class="suite-Command_line_suite-class-skipped">
            <div class="main-panel-header rounded-window-top">
              <img src="skipped.png"/>
              <span class="class-name">futuready.friends.LifeinsuranceTest</span>
            </div> <!-- main-panel-header rounded-window-top -->
            <div class="main-panel-content rounded-window-bottom">
              <div class="method">
                <div class="method-content">
                  <a name="createLifeInsurance">
                  </a> <!-- createLifeInsurance -->
                  <span class="method-name">createLifeInsurance</span>
                  <div class="stack-trace">org.openqa.selenium.SessionNotCreatedException: session not created
from disconnected: received Inspector.detached event
  (Session info: chrome=83.0.4103.97)
Build info: version: &apos;3.141.59&apos;, revision: &apos;e82be7d358&apos;, time: &apos;2018-11-14T08:17:03&apos;
System info: host: &apos;DESKTOP-8AMC3R8&apos;, ip: &apos;192.168.8.129&apos;, os.name: &apos;Windows 10&apos;, os.arch: &apos;amd64&apos;, os.version: &apos;10.0&apos;, java.version: &apos;1.8.0_251&apos;
Driver info: driver.version: ChromeDriver
remote stacktrace: Backtrace:
	Ordinal0 [0x00CD9563+2725219]
	Ordinal0 [0x00BD8551+1672529]
	Ordinal0 [0x00AC0359+525145]
	Ordinal0 [0x00AB8579+492921]
	Ordinal0 [0x00AB818C+491916]
	Ordinal0 [0x00AB7AB8+490168]
	Ordinal0 [0x00AB6EFE+487166]
	Ordinal0 [0x00AB7135+487733]
	Ordinal0 [0x00AB6B75+486261]
	Ordinal0 [0x00ABF055+520277]
	Ordinal0 [0x00AB6B32+486194]
	Ordinal0 [0x00AB7739+489273]
	Ordinal0 [0x00AB6EFE+487166]
	Ordinal0 [0x00AB7135+487733]
	Ordinal0 [0x00AB6B75+486261]
	Ordinal0 [0x00ABD83E+514110]
	Ordinal0 [0x00AB6B32+486194]
	Ordinal0 [0x00AB7739+489273]
	Ordinal0 [0x00AB6EFE+487166]
	Ordinal0 [0x00AB7135+487733]
	Ordinal0 [0x00AB6B75+486261]
	Ordinal0 [0x00ABBBF6+506870]
	Ordinal0 [0x00AB6B32+486194]
	Ordinal0 [0x00AB7739+489273]
	Ordinal0 [0x00AB6EFE+487166]
	Ordinal0 [0x00AB7135+487733]
	Ordinal0 [0x00AB6B75+486261]
	Ordinal0 [0x00ABB1B7+504247]
	Ordinal0 [0x00AB6B32+486194]
	Ordinal0 [0x00AB7739+489273]
	Ordinal0 [0x00AB6EFE+487166]
	Ordinal0 [0x00AB7135+487733]
	Ordinal0 [0x00AB6B75+486261]
	Ordinal0 [0x00AB337C+471932]
	Ordinal0 [0x00AB6B32+486194]
	Ordinal0 [0x00AB6A87+486023]
	Ordinal0 [0x00AC0FF0+528368]
	Ordinal0 [0x00A6D6C9+186057]
	Ordinal0 [0x00A6CA3D+182845]
	Ordinal0 [0x00A6A94B+174411]
	Ordinal0 [0x00A52528+75048]
	Ordinal0 [0x00A535A0+79264]
	Ordinal0 [0x00A53539+79161]
	Ordinal0 [0x00BED607+1758727]
	GetHandleVerifier [0x00DF6546+1050150]
	GetHandleVerifier [0x00DF6291+1049457]
	GetHandleVerifier [0x00E010D7+1094071]
	GetHandleVerifier [0x00DF6B46+1051686]
	Ordinal0 [0x00BE5B06+1727238]
	Ordinal0 [0x00BEEB7B+1764219]
	Ordinal0 [0x00BEECE3+1764579]
	Ordinal0 [0x00C04C05+1854469]
	BaseThreadInitThunk [0x76256359+25]
	RtlGetAppContainerNamedObjectPath [0x76EF7C24+228]
	RtlGetAppContainerNamedObjectPath [0x76EF7BF4+180]

	at org.openqa.selenium.remote.W3CHandshakeResponse.lambda$errorHandler$0(W3CHandshakeResponse.java:62)
	at org.openqa.selenium.remote.HandshakeResponse.lambda$getResponseFunction$0(HandshakeResponse.java:30)
	at org.openqa.selenium.remote.ProtocolHandshake.lambda$createSession$0(ProtocolHandshake.java:126)
	at java.util.stream.ReferencePipeline$3$1.accept(ReferencePipeline.java:193)
	at java.util.Spliterators$ArraySpliterator.tryAdvance(Spliterators.java:958)
	at java.util.stream.ReferencePipeline.forEachWithCancel(ReferencePipeline.java:126)
	at java.util.stream.AbstractPipeline.copyIntoWithCancel(AbstractPipeline.java:499)
	at java.util.stream.AbstractPipeline.copyInto(AbstractPipeline.java:486)
	at java.util.stream.AbstractPipeline.wrapAndCopyInto(AbstractPipeline.java:472)
	at java.util.stream.FindOps$FindOp.evaluateSequential(FindOps.java:152)
	at java.util.stream.AbstractPipeline.evaluate(AbstractPipeline.java:234)
	at java.util.stream.ReferencePipeline.findFirst(ReferencePipeline.java:464)
	at org.openqa.selenium.remote.ProtocolHandshake.createSession(ProtocolHandshake.java:128)
	at org.openqa.selenium.remote.ProtocolHandshake.createSession(ProtocolHandshake.java:74)
	at org.openqa.selenium.remote.HttpCommandExecutor.execute(HttpCommandExecutor.java:136)
	at org.openqa.selenium.remote.service.DriverCommandExecutor.execute(DriverCommandExecutor.java:83)
	at org.openqa.selenium.remote.RemoteWebDriver.execute(RemoteWebDriver.java:552)
	at org.openqa.selenium.remote.RemoteWebDriver.startSession(RemoteWebDriver.java:213)
	at org.openqa.selenium.remote.RemoteWebDriver.&lt;init&gt;(RemoteWebDriver.java:131)
	at org.openqa.selenium.chrome.ChromeDriver.&lt;init&gt;(ChromeDriver.java:181)
	at org.openqa.selenium.chrome.ChromeDriver.&lt;init&gt;(ChromeDriver.java:168)
	at org.openqa.selenium.chrome.ChromeDriver.&lt;init&gt;(ChromeDriver.java:123)
	at futuready.friends.base.BaseSetUp.initializeDriver(BaseSetUp.java:35)
	at futuready.friends.LoginPageTest.initialize(LoginPageTest.java:21)
... Removed 38 stack frames
</div> <!-- stack-trace -->
                </div> <!-- method-content -->
              </div> <!-- method -->
            </div> <!-- main-panel-content rounded-window-bottom -->
          </div> <!-- suite-Command_line_suite-class-skipped -->
          <div class="suite-Command_line_suite-class-skipped">
            <div class="main-panel-header rounded-window-top">
              <img src="skipped.png"/>
              <span class="class-name">futuready.friends.HealthInsuranceTest</span>
            </div> <!-- main-panel-header rounded-window-top -->
            <div class="main-panel-content rounded-window-bottom">
              <div class="method">
                <div class="method-content">
                  <a name="createHealthInsurance">
                  </a> <!-- createHealthInsurance -->
                  <span class="method-name">createHealthInsurance</span>
                  <div class="stack-trace">org.openqa.selenium.SessionNotCreatedException: session not created
from disconnected: received Inspector.detached event
  (Session info: chrome=83.0.4103.97)
Build info: version: &apos;3.141.59&apos;, revision: &apos;e82be7d358&apos;, time: &apos;2018-11-14T08:17:03&apos;
System info: host: &apos;DESKTOP-8AMC3R8&apos;, ip: &apos;192.168.8.129&apos;, os.name: &apos;Windows 10&apos;, os.arch: &apos;amd64&apos;, os.version: &apos;10.0&apos;, java.version: &apos;1.8.0_251&apos;
Driver info: driver.version: ChromeDriver
remote stacktrace: Backtrace:
	Ordinal0 [0x00CD9563+2725219]
	Ordinal0 [0x00BD8551+1672529]
	Ordinal0 [0x00AC0359+525145]
	Ordinal0 [0x00AB8579+492921]
	Ordinal0 [0x00AB818C+491916]
	Ordinal0 [0x00AB7AB8+490168]
	Ordinal0 [0x00AB6EFE+487166]
	Ordinal0 [0x00AB7135+487733]
	Ordinal0 [0x00AB6B75+486261]
	Ordinal0 [0x00ABF055+520277]
	Ordinal0 [0x00AB6B32+486194]
	Ordinal0 [0x00AB7739+489273]
	Ordinal0 [0x00AB6EFE+487166]
	Ordinal0 [0x00AB7135+487733]
	Ordinal0 [0x00AB6B75+486261]
	Ordinal0 [0x00ABD83E+514110]
	Ordinal0 [0x00AB6B32+486194]
	Ordinal0 [0x00AB7739+489273]
	Ordinal0 [0x00AB6EFE+487166]
	Ordinal0 [0x00AB7135+487733]
	Ordinal0 [0x00AB6B75+486261]
	Ordinal0 [0x00ABBBF6+506870]
	Ordinal0 [0x00AB6B32+486194]
	Ordinal0 [0x00AB7739+489273]
	Ordinal0 [0x00AB6EFE+487166]
	Ordinal0 [0x00AB7135+487733]
	Ordinal0 [0x00AB6B75+486261]
	Ordinal0 [0x00ABB1B7+504247]
	Ordinal0 [0x00AB6B32+486194]
	Ordinal0 [0x00AB7739+489273]
	Ordinal0 [0x00AB6EFE+487166]
	Ordinal0 [0x00AB7135+487733]
	Ordinal0 [0x00AB6B75+486261]
	Ordinal0 [0x00AB337C+471932]
	Ordinal0 [0x00AB6B32+486194]
	Ordinal0 [0x00AB6A87+486023]
	Ordinal0 [0x00AC0FF0+528368]
	Ordinal0 [0x00A6D6C9+186057]
	Ordinal0 [0x00A6CA3D+182845]
	Ordinal0 [0x00A6A94B+174411]
	Ordinal0 [0x00A52528+75048]
	Ordinal0 [0x00A535A0+79264]
	Ordinal0 [0x00A53539+79161]
	Ordinal0 [0x00BED607+1758727]
	GetHandleVerifier [0x00DF6546+1050150]
	GetHandleVerifier [0x00DF6291+1049457]
	GetHandleVerifier [0x00E010D7+1094071]
	GetHandleVerifier [0x00DF6B46+1051686]
	Ordinal0 [0x00BE5B06+1727238]
	Ordinal0 [0x00BEEB7B+1764219]
	Ordinal0 [0x00BEECE3+1764579]
	Ordinal0 [0x00C04C05+1854469]
	BaseThreadInitThunk [0x76256359+25]
	RtlGetAppContainerNamedObjectPath [0x76EF7C24+228]
	RtlGetAppContainerNamedObjectPath [0x76EF7BF4+180]

	at org.openqa.selenium.remote.W3CHandshakeResponse.lambda$errorHandler$0(W3CHandshakeResponse.java:62)
	at org.openqa.selenium.remote.HandshakeResponse.lambda$getResponseFunction$0(HandshakeResponse.java:30)
	at org.openqa.selenium.remote.ProtocolHandshake.lambda$createSession$0(ProtocolHandshake.java:126)
	at java.util.stream.ReferencePipeline$3$1.accept(ReferencePipeline.java:193)
	at java.util.Spliterators$ArraySpliterator.tryAdvance(Spliterators.java:958)
	at java.util.stream.ReferencePipeline.forEachWithCancel(ReferencePipeline.java:126)
	at java.util.stream.AbstractPipeline.copyIntoWithCancel(AbstractPipeline.java:499)
	at java.util.stream.AbstractPipeline.copyInto(AbstractPipeline.java:486)
	at java.util.stream.AbstractPipeline.wrapAndCopyInto(AbstractPipeline.java:472)
	at java.util.stream.FindOps$FindOp.evaluateSequential(FindOps.java:152)
	at java.util.stream.AbstractPipeline.evaluate(AbstractPipeline.java:234)
	at java.util.stream.ReferencePipeline.findFirst(ReferencePipeline.java:464)
	at org.openqa.selenium.remote.ProtocolHandshake.createSession(ProtocolHandshake.java:128)
	at org.openqa.selenium.remote.ProtocolHandshake.createSession(ProtocolHandshake.java:74)
	at org.openqa.selenium.remote.HttpCommandExecutor.execute(HttpCommandExecutor.java:136)
	at org.openqa.selenium.remote.service.DriverCommandExecutor.execute(DriverCommandExecutor.java:83)
	at org.openqa.selenium.remote.RemoteWebDriver.execute(RemoteWebDriver.java:552)
	at org.openqa.selenium.remote.RemoteWebDriver.startSession(RemoteWebDriver.java:213)
	at org.openqa.selenium.remote.RemoteWebDriver.&lt;init&gt;(RemoteWebDriver.java:131)
	at org.openqa.selenium.chrome.ChromeDriver.&lt;init&gt;(ChromeDriver.java:181)
	at org.openqa.selenium.chrome.ChromeDriver.&lt;init&gt;(ChromeDriver.java:168)
	at org.openqa.selenium.chrome.ChromeDriver.&lt;init&gt;(ChromeDriver.java:123)
	at futuready.friends.base.BaseSetUp.initializeDriver(BaseSetUp.java:35)
	at futuready.friends.LoginPageTest.initialize(LoginPageTest.java:21)
... Removed 38 stack frames
</div> <!-- stack-trace -->
                </div> <!-- method-content -->
              </div> <!-- method -->
            </div> <!-- main-panel-content rounded-window-bottom -->
          </div> <!-- suite-Command_line_suite-class-skipped -->
          <div class="suite-Command_line_suite-class-skipped">
            <div class="main-panel-header rounded-window-top">
              <img src="skipped.png"/>
              <span class="class-name">futuready.friends.LoginPageTest</span>
            </div> <!-- main-panel-header rounded-window-top -->
            <div class="main-panel-content rounded-window-bottom">
              <div class="method">
                <div class="method-content">
                  <a name="basePageNavigation">
                  </a> <!-- basePageNavigation -->
                  <span class="method-name">basePageNavigation</span>
                  <div class="stack-trace">org.openqa.selenium.SessionNotCreatedException: session not created
from disconnected: received Inspector.detached event
  (Session info: chrome=83.0.4103.97)
Build info: version: &apos;3.141.59&apos;, revision: &apos;e82be7d358&apos;, time: &apos;2018-11-14T08:17:03&apos;
System info: host: &apos;DESKTOP-8AMC3R8&apos;, ip: &apos;192.168.8.129&apos;, os.name: &apos;Windows 10&apos;, os.arch: &apos;amd64&apos;, os.version: &apos;10.0&apos;, java.version: &apos;1.8.0_251&apos;
Driver info: driver.version: ChromeDriver
remote stacktrace: Backtrace:
	Ordinal0 [0x00CD9563+2725219]
	Ordinal0 [0x00BD8551+1672529]
	Ordinal0 [0x00AC0359+525145]
	Ordinal0 [0x00AB8579+492921]
	Ordinal0 [0x00AB818C+491916]
	Ordinal0 [0x00AB7AB8+490168]
	Ordinal0 [0x00AB6EFE+487166]
	Ordinal0 [0x00AB7135+487733]
	Ordinal0 [0x00AB6B75+486261]
	Ordinal0 [0x00ABF055+520277]
	Ordinal0 [0x00AB6B32+486194]
	Ordinal0 [0x00AB7739+489273]
	Ordinal0 [0x00AB6EFE+487166]
	Ordinal0 [0x00AB7135+487733]
	Ordinal0 [0x00AB6B75+486261]
	Ordinal0 [0x00ABD83E+514110]
	Ordinal0 [0x00AB6B32+486194]
	Ordinal0 [0x00AB7739+489273]
	Ordinal0 [0x00AB6EFE+487166]
	Ordinal0 [0x00AB7135+487733]
	Ordinal0 [0x00AB6B75+486261]
	Ordinal0 [0x00ABBBF6+506870]
	Ordinal0 [0x00AB6B32+486194]
	Ordinal0 [0x00AB7739+489273]
	Ordinal0 [0x00AB6EFE+487166]
	Ordinal0 [0x00AB7135+487733]
	Ordinal0 [0x00AB6B75+486261]
	Ordinal0 [0x00ABB1B7+504247]
	Ordinal0 [0x00AB6B32+486194]
	Ordinal0 [0x00AB7739+489273]
	Ordinal0 [0x00AB6EFE+487166]
	Ordinal0 [0x00AB7135+487733]
	Ordinal0 [0x00AB6B75+486261]
	Ordinal0 [0x00AB337C+471932]
	Ordinal0 [0x00AB6B32+486194]
	Ordinal0 [0x00AB6A87+486023]
	Ordinal0 [0x00AC0FF0+528368]
	Ordinal0 [0x00A6D6C9+186057]
	Ordinal0 [0x00A6CA3D+182845]
	Ordinal0 [0x00A6A94B+174411]
	Ordinal0 [0x00A52528+75048]
	Ordinal0 [0x00A535A0+79264]
	Ordinal0 [0x00A53539+79161]
	Ordinal0 [0x00BED607+1758727]
	GetHandleVerifier [0x00DF6546+1050150]
	GetHandleVerifier [0x00DF6291+1049457]
	GetHandleVerifier [0x00E010D7+1094071]
	GetHandleVerifier [0x00DF6B46+1051686]
	Ordinal0 [0x00BE5B06+1727238]
	Ordinal0 [0x00BEEB7B+1764219]
	Ordinal0 [0x00BEECE3+1764579]
	Ordinal0 [0x00C04C05+1854469]
	BaseThreadInitThunk [0x76256359+25]
	RtlGetAppContainerNamedObjectPath [0x76EF7C24+228]
	RtlGetAppContainerNamedObjectPath [0x76EF7BF4+180]

	at org.openqa.selenium.remote.W3CHandshakeResponse.lambda$errorHandler$0(W3CHandshakeResponse.java:62)
	at org.openqa.selenium.remote.HandshakeResponse.lambda$getResponseFunction$0(HandshakeResponse.java:30)
	at org.openqa.selenium.remote.ProtocolHandshake.lambda$createSession$0(ProtocolHandshake.java:126)
	at java.util.stream.ReferencePipeline$3$1.accept(ReferencePipeline.java:193)
	at java.util.Spliterators$ArraySpliterator.tryAdvance(Spliterators.java:958)
	at java.util.stream.ReferencePipeline.forEachWithCancel(ReferencePipeline.java:126)
	at java.util.stream.AbstractPipeline.copyIntoWithCancel(AbstractPipeline.java:499)
	at java.util.stream.AbstractPipeline.copyInto(AbstractPipeline.java:486)
	at java.util.stream.AbstractPipeline.wrapAndCopyInto(AbstractPipeline.java:472)
	at java.util.stream.FindOps$FindOp.evaluateSequential(FindOps.java:152)
	at java.util.stream.AbstractPipeline.evaluate(AbstractPipeline.java:234)
	at java.util.stream.ReferencePipeline.findFirst(ReferencePipeline.java:464)
	at org.openqa.selenium.remote.ProtocolHandshake.createSession(ProtocolHandshake.java:128)
	at org.openqa.selenium.remote.ProtocolHandshake.createSession(ProtocolHandshake.java:74)
	at org.openqa.selenium.remote.HttpCommandExecutor.execute(HttpCommandExecutor.java:136)
	at org.openqa.selenium.remote.service.DriverCommandExecutor.execute(DriverCommandExecutor.java:83)
	at org.openqa.selenium.remote.RemoteWebDriver.execute(RemoteWebDriver.java:552)
	at org.openqa.selenium.remote.RemoteWebDriver.startSession(RemoteWebDriver.java:213)
	at org.openqa.selenium.remote.RemoteWebDriver.&lt;init&gt;(RemoteWebDriver.java:131)
	at org.openqa.selenium.chrome.ChromeDriver.&lt;init&gt;(ChromeDriver.java:181)
	at org.openqa.selenium.chrome.ChromeDriver.&lt;init&gt;(ChromeDriver.java:168)
	at org.openqa.selenium.chrome.ChromeDriver.&lt;init&gt;(ChromeDriver.java:123)
	at futuready.friends.base.BaseSetUp.initializeDriver(BaseSetUp.java:35)
	at futuready.friends.LoginPageTest.initialize(LoginPageTest.java:21)
... Removed 38 stack frames
</div> <!-- stack-trace -->
                </div> <!-- method-content -->
              </div> <!-- method -->
            </div> <!-- main-panel-content rounded-window-bottom -->
          </div> <!-- suite-Command_line_suite-class-skipped -->
          <div class="suite-Command_line_suite-class-skipped">
            <div class="main-panel-header rounded-window-top">
              <img src="skipped.png"/>
              <span class="class-name">futuready.friends.MotorInsuranceTest</span>
            </div> <!-- main-panel-header rounded-window-top -->
            <div class="main-panel-content rounded-window-bottom">
              <div class="method">
                <div class="method-content">
                  <a name="createMotorInsurance">
                  </a> <!-- createMotorInsurance -->
                  <span class="method-name">createMotorInsurance</span>
                  <div class="stack-trace">org.openqa.selenium.SessionNotCreatedException: session not created
from disconnected: received Inspector.detached event
  (Session info: chrome=83.0.4103.97)
Build info: version: &apos;3.141.59&apos;, revision: &apos;e82be7d358&apos;, time: &apos;2018-11-14T08:17:03&apos;
System info: host: &apos;DESKTOP-8AMC3R8&apos;, ip: &apos;192.168.8.129&apos;, os.name: &apos;Windows 10&apos;, os.arch: &apos;amd64&apos;, os.version: &apos;10.0&apos;, java.version: &apos;1.8.0_251&apos;
Driver info: driver.version: ChromeDriver
remote stacktrace: Backtrace:
	Ordinal0 [0x00CD9563+2725219]
	Ordinal0 [0x00BD8551+1672529]
	Ordinal0 [0x00AC0359+525145]
	Ordinal0 [0x00AB8579+492921]
	Ordinal0 [0x00AB818C+491916]
	Ordinal0 [0x00AB7AB8+490168]
	Ordinal0 [0x00AB6EFE+487166]
	Ordinal0 [0x00AB7135+487733]
	Ordinal0 [0x00AB6B75+486261]
	Ordinal0 [0x00ABF055+520277]
	Ordinal0 [0x00AB6B32+486194]
	Ordinal0 [0x00AB7739+489273]
	Ordinal0 [0x00AB6EFE+487166]
	Ordinal0 [0x00AB7135+487733]
	Ordinal0 [0x00AB6B75+486261]
	Ordinal0 [0x00ABD83E+514110]
	Ordinal0 [0x00AB6B32+486194]
	Ordinal0 [0x00AB7739+489273]
	Ordinal0 [0x00AB6EFE+487166]
	Ordinal0 [0x00AB7135+487733]
	Ordinal0 [0x00AB6B75+486261]
	Ordinal0 [0x00ABBBF6+506870]
	Ordinal0 [0x00AB6B32+486194]
	Ordinal0 [0x00AB7739+489273]
	Ordinal0 [0x00AB6EFE+487166]
	Ordinal0 [0x00AB7135+487733]
	Ordinal0 [0x00AB6B75+486261]
	Ordinal0 [0x00ABB1B7+504247]
	Ordinal0 [0x00AB6B32+486194]
	Ordinal0 [0x00AB7739+489273]
	Ordinal0 [0x00AB6EFE+487166]
	Ordinal0 [0x00AB7135+487733]
	Ordinal0 [0x00AB6B75+486261]
	Ordinal0 [0x00AB337C+471932]
	Ordinal0 [0x00AB6B32+486194]
	Ordinal0 [0x00AB6A87+486023]
	Ordinal0 [0x00AC0FF0+528368]
	Ordinal0 [0x00A6D6C9+186057]
	Ordinal0 [0x00A6CA3D+182845]
	Ordinal0 [0x00A6A94B+174411]
	Ordinal0 [0x00A52528+75048]
	Ordinal0 [0x00A535A0+79264]
	Ordinal0 [0x00A53539+79161]
	Ordinal0 [0x00BED607+1758727]
	GetHandleVerifier [0x00DF6546+1050150]
	GetHandleVerifier [0x00DF6291+1049457]
	GetHandleVerifier [0x00E010D7+1094071]
	GetHandleVerifier [0x00DF6B46+1051686]
	Ordinal0 [0x00BE5B06+1727238]
	Ordinal0 [0x00BEEB7B+1764219]
	Ordinal0 [0x00BEECE3+1764579]
	Ordinal0 [0x00C04C05+1854469]
	BaseThreadInitThunk [0x76256359+25]
	RtlGetAppContainerNamedObjectPath [0x76EF7C24+228]
	RtlGetAppContainerNamedObjectPath [0x76EF7BF4+180]

	at org.openqa.selenium.remote.W3CHandshakeResponse.lambda$errorHandler$0(W3CHandshakeResponse.java:62)
	at org.openqa.selenium.remote.HandshakeResponse.lambda$getResponseFunction$0(HandshakeResponse.java:30)
	at org.openqa.selenium.remote.ProtocolHandshake.lambda$createSession$0(ProtocolHandshake.java:126)
	at java.util.stream.ReferencePipeline$3$1.accept(ReferencePipeline.java:193)
	at java.util.Spliterators$ArraySpliterator.tryAdvance(Spliterators.java:958)
	at java.util.stream.ReferencePipeline.forEachWithCancel(ReferencePipeline.java:126)
	at java.util.stream.AbstractPipeline.copyIntoWithCancel(AbstractPipeline.java:499)
	at java.util.stream.AbstractPipeline.copyInto(AbstractPipeline.java:486)
	at java.util.stream.AbstractPipeline.wrapAndCopyInto(AbstractPipeline.java:472)
	at java.util.stream.FindOps$FindOp.evaluateSequential(FindOps.java:152)
	at java.util.stream.AbstractPipeline.evaluate(AbstractPipeline.java:234)
	at java.util.stream.ReferencePipeline.findFirst(ReferencePipeline.java:464)
	at org.openqa.selenium.remote.ProtocolHandshake.createSession(ProtocolHandshake.java:128)
	at org.openqa.selenium.remote.ProtocolHandshake.createSession(ProtocolHandshake.java:74)
	at org.openqa.selenium.remote.HttpCommandExecutor.execute(HttpCommandExecutor.java:136)
	at org.openqa.selenium.remote.service.DriverCommandExecutor.execute(DriverCommandExecutor.java:83)
	at org.openqa.selenium.remote.RemoteWebDriver.execute(RemoteWebDriver.java:552)
	at org.openqa.selenium.remote.RemoteWebDriver.startSession(RemoteWebDriver.java:213)
	at org.openqa.selenium.remote.RemoteWebDriver.&lt;init&gt;(RemoteWebDriver.java:131)
	at org.openqa.selenium.chrome.ChromeDriver.&lt;init&gt;(ChromeDriver.java:181)
	at org.openqa.selenium.chrome.ChromeDriver.&lt;init&gt;(ChromeDriver.java:168)
	at org.openqa.selenium.chrome.ChromeDriver.&lt;init&gt;(ChromeDriver.java:123)
	at futuready.friends.base.BaseSetUp.initializeDriver(BaseSetUp.java:35)
	at futuready.friends.LoginPageTest.initialize(LoginPageTest.java:21)
... Removed 38 stack frames
</div> <!-- stack-trace -->
                </div> <!-- method-content -->
              </div> <!-- method -->
            </div> <!-- main-panel-content rounded-window-bottom -->
          </div> <!-- suite-Command_line_suite-class-skipped -->
          <div class="suite-Command_line_suite-class-skipped">
            <div class="main-panel-header rounded-window-top">
              <img src="skipped.png"/>
              <span class="class-name">futuready.friends.PAInsuranceTest</span>
            </div> <!-- main-panel-header rounded-window-top -->
            <div class="main-panel-content rounded-window-bottom">
              <div class="method">
                <div class="method-content">
                  <a name="createPAInsurance">
                  </a> <!-- createPAInsurance -->
                  <span class="method-name">createPAInsurance</span>
                  <div class="stack-trace">org.openqa.selenium.SessionNotCreatedException: session not created
from disconnected: received Inspector.detached event
  (Session info: chrome=83.0.4103.97)
Build info: version: &apos;3.141.59&apos;, revision: &apos;e82be7d358&apos;, time: &apos;2018-11-14T08:17:03&apos;
System info: host: &apos;DESKTOP-8AMC3R8&apos;, ip: &apos;192.168.8.129&apos;, os.name: &apos;Windows 10&apos;, os.arch: &apos;amd64&apos;, os.version: &apos;10.0&apos;, java.version: &apos;1.8.0_251&apos;
Driver info: driver.version: ChromeDriver
remote stacktrace: Backtrace:
	Ordinal0 [0x00CD9563+2725219]
	Ordinal0 [0x00BD8551+1672529]
	Ordinal0 [0x00AC0359+525145]
	Ordinal0 [0x00AB8579+492921]
	Ordinal0 [0x00AB818C+491916]
	Ordinal0 [0x00AB7AB8+490168]
	Ordinal0 [0x00AB6EFE+487166]
	Ordinal0 [0x00AB7135+487733]
	Ordinal0 [0x00AB6B75+486261]
	Ordinal0 [0x00ABF055+520277]
	Ordinal0 [0x00AB6B32+486194]
	Ordinal0 [0x00AB7739+489273]
	Ordinal0 [0x00AB6EFE+487166]
	Ordinal0 [0x00AB7135+487733]
	Ordinal0 [0x00AB6B75+486261]
	Ordinal0 [0x00ABD83E+514110]
	Ordinal0 [0x00AB6B32+486194]
	Ordinal0 [0x00AB7739+489273]
	Ordinal0 [0x00AB6EFE+487166]
	Ordinal0 [0x00AB7135+487733]
	Ordinal0 [0x00AB6B75+486261]
	Ordinal0 [0x00ABBBF6+506870]
	Ordinal0 [0x00AB6B32+486194]
	Ordinal0 [0x00AB7739+489273]
	Ordinal0 [0x00AB6EFE+487166]
	Ordinal0 [0x00AB7135+487733]
	Ordinal0 [0x00AB6B75+486261]
	Ordinal0 [0x00ABB1B7+504247]
	Ordinal0 [0x00AB6B32+486194]
	Ordinal0 [0x00AB7739+489273]
	Ordinal0 [0x00AB6EFE+487166]
	Ordinal0 [0x00AB7135+487733]
	Ordinal0 [0x00AB6B75+486261]
	Ordinal0 [0x00AB337C+471932]
	Ordinal0 [0x00AB6B32+486194]
	Ordinal0 [0x00AB6A87+486023]
	Ordinal0 [0x00AC0FF0+528368]
	Ordinal0 [0x00A6D6C9+186057]
	Ordinal0 [0x00A6CA3D+182845]
	Ordinal0 [0x00A6A94B+174411]
	Ordinal0 [0x00A52528+75048]
	Ordinal0 [0x00A535A0+79264]
	Ordinal0 [0x00A53539+79161]
	Ordinal0 [0x00BED607+1758727]
	GetHandleVerifier [0x00DF6546+1050150]
	GetHandleVerifier [0x00DF6291+1049457]
	GetHandleVerifier [0x00E010D7+1094071]
	GetHandleVerifier [0x00DF6B46+1051686]
	Ordinal0 [0x00BE5B06+1727238]
	Ordinal0 [0x00BEEB7B+1764219]
	Ordinal0 [0x00BEECE3+1764579]
	Ordinal0 [0x00C04C05+1854469]
	BaseThreadInitThunk [0x76256359+25]
	RtlGetAppContainerNamedObjectPath [0x76EF7C24+228]
	RtlGetAppContainerNamedObjectPath [0x76EF7BF4+180]

	at org.openqa.selenium.remote.W3CHandshakeResponse.lambda$errorHandler$0(W3CHandshakeResponse.java:62)
	at org.openqa.selenium.remote.HandshakeResponse.lambda$getResponseFunction$0(HandshakeResponse.java:30)
	at org.openqa.selenium.remote.ProtocolHandshake.lambda$createSession$0(ProtocolHandshake.java:126)
	at java.util.stream.ReferencePipeline$3$1.accept(ReferencePipeline.java:193)
	at java.util.Spliterators$ArraySpliterator.tryAdvance(Spliterators.java:958)
	at java.util.stream.ReferencePipeline.forEachWithCancel(ReferencePipeline.java:126)
	at java.util.stream.AbstractPipeline.copyIntoWithCancel(AbstractPipeline.java:499)
	at java.util.stream.AbstractPipeline.copyInto(AbstractPipeline.java:486)
	at java.util.stream.AbstractPipeline.wrapAndCopyInto(AbstractPipeline.java:472)
	at java.util.stream.FindOps$FindOp.evaluateSequential(FindOps.java:152)
	at java.util.stream.AbstractPipeline.evaluate(AbstractPipeline.java:234)
	at java.util.stream.ReferencePipeline.findFirst(ReferencePipeline.java:464)
	at org.openqa.selenium.remote.ProtocolHandshake.createSession(ProtocolHandshake.java:128)
	at org.openqa.selenium.remote.ProtocolHandshake.createSession(ProtocolHandshake.java:74)
	at org.openqa.selenium.remote.HttpCommandExecutor.execute(HttpCommandExecutor.java:136)
	at org.openqa.selenium.remote.service.DriverCommandExecutor.execute(DriverCommandExecutor.java:83)
	at org.openqa.selenium.remote.RemoteWebDriver.execute(RemoteWebDriver.java:552)
	at org.openqa.selenium.remote.RemoteWebDriver.startSession(RemoteWebDriver.java:213)
	at org.openqa.selenium.remote.RemoteWebDriver.&lt;init&gt;(RemoteWebDriver.java:131)
	at org.openqa.selenium.chrome.ChromeDriver.&lt;init&gt;(ChromeDriver.java:181)
	at org.openqa.selenium.chrome.ChromeDriver.&lt;init&gt;(ChromeDriver.java:168)
	at org.openqa.selenium.chrome.ChromeDriver.&lt;init&gt;(ChromeDriver.java:123)
	at futuready.friends.base.BaseSetUp.initializeDriver(BaseSetUp.java:35)
	at futuready.friends.LoginPageTest.initialize(LoginPageTest.java:21)
... Removed 38 stack frames
</div> <!-- stack-trace -->
                </div> <!-- method-content -->
              </div> <!-- method -->
            </div> <!-- main-panel-content rounded-window-bottom -->
          </div> <!-- suite-Command_line_suite-class-skipped -->
        </div> <!-- panel Command_line_suite -->
        <div panel-name="test-xml-Command_line_suite" class="panel">
          <div class="main-panel-header rounded-window-top">
          </div> <!-- main-panel-header rounded-window-top -->
          <div class="main-panel-content rounded-window-bottom">
            <pre>
&lt;?xml version=&quot;1.0&quot; encoding=&quot;UTF-8&quot;?&gt;
&lt;!DOCTYPE suite SYSTEM &quot;https://testng.org/testng-1.0.dtd&quot;&gt;
&lt;suite verbose=&quot;0&quot; name=&quot;Command line suite&quot;&gt;
  &lt;test thread-count=&quot;5&quot; verbose=&quot;0&quot; name=&quot;Command line test&quot;&gt;
    &lt;classes&gt;
      &lt;class name=&quot;futuready.friends.HealthInsuranceTest&quot;/&gt;
      &lt;class name=&quot;futuready.friends.LifeinsuranceTest&quot;/&gt;
      &lt;class name=&quot;futuready.friends.LoginPageTest&quot;/&gt;
      &lt;class name=&quot;futuready.friends.MotorInsuranceTest&quot;/&gt;
      &lt;class name=&quot;futuready.friends.PAInsuranceTest&quot;/&gt;
    &lt;/classes&gt;
  &lt;/test&gt; &lt;!-- Command line test --&gt;
&lt;/suite&gt; &lt;!-- Command line suite --&gt;
            </pre>
          </div> <!-- main-panel-content rounded-window-bottom -->
        </div> <!-- panel -->
        <div panel-name="testlist-Command_line_suite" class="panel">
          <div class="main-panel-header rounded-window-top">
            <span class="header-content">Tests for Command line suite</span>
          </div> <!-- main-panel-header rounded-window-top -->
          <div class="main-panel-content rounded-window-bottom">
            <ul>
              <li>
                <span class="test-name">Command line test (5 classes)</span>
              </li>
            </ul>
          </div> <!-- main-panel-content rounded-window-bottom -->
        </div> <!-- panel -->
        <div panel-name="group-Command_line_suite" class="panel">
          <div class="main-panel-header rounded-window-top">
            <span class="header-content">Groups for Command line suite</span>
          </div> <!-- main-panel-header rounded-window-top -->
          <div class="main-panel-content rounded-window-bottom">
          </div> <!-- main-panel-content rounded-window-bottom -->
        </div> <!-- panel -->
        <div panel-name="times-Command_line_suite" class="panel">
          <div class="main-panel-header rounded-window-top">
            <span class="header-content">Times for Command line suite</span>
          </div> <!-- main-panel-header rounded-window-top -->
          <div class="main-panel-content rounded-window-bottom">
            <div class="times-div">
              <script type="text/javascript">
suiteTableInitFunctions.push('tableData_Command_line_suite');
function tableData_Command_line_suite() {
var data = new google.visualization.DataTable();
data.addColumn('number', 'Number');
data.addColumn('string', 'Method');
data.addColumn('string', 'Class');
data.addColumn('number', 'Time (ms)');
data.addRows(5);
data.setCell(0, 0, 0)
data.setCell(0, 1, 'createLifeInsurance')
data.setCell(0, 2, 'futuready.friends.LifeinsuranceTest')
data.setCell(0, 3, 0);
data.setCell(1, 0, 1)
data.setCell(1, 1, 'createHealthInsurance')
data.setCell(1, 2, 'futuready.friends.HealthInsuranceTest')
data.setCell(1, 3, 0);
data.setCell(2, 0, 2)
data.setCell(2, 1, 'createPAInsurance')
data.setCell(2, 2, 'futuready.friends.PAInsuranceTest')
data.setCell(2, 3, 0);
data.setCell(3, 0, 3)
data.setCell(3, 1, 'createMotorInsurance')
data.setCell(3, 2, 'futuready.friends.MotorInsuranceTest')
data.setCell(3, 3, 0);
data.setCell(4, 0, 4)
data.setCell(4, 1, 'basePageNavigation')
data.setCell(4, 2, 'futuready.friends.LoginPageTest')
data.setCell(4, 3, 0);
window.suiteTableData['Command_line_suite']= { tableData: data, tableDiv: 'times-div-Command_line_suite'}
return data;
}
              </script>
              <span class="suite-total-time">Total running time: 0 ms</span>
              <div id="times-div-Command_line_suite">
              </div> <!-- times-div-Command_line_suite -->
            </div> <!-- times-div -->
          </div> <!-- main-panel-content rounded-window-bottom -->
        </div> <!-- panel -->
        <div panel-name="reporter-Command_line_suite" class="panel">
          <div class="main-panel-header rounded-window-top">
            <span class="header-content">Reporter output for Command line suite</span>
          </div> <!-- main-panel-header rounded-window-top -->
          <div class="main-panel-content rounded-window-bottom">
          </div> <!-- main-panel-content rounded-window-bottom -->
        </div> <!-- panel -->
        <div panel-name="ignored-methods-Command_line_suite" class="panel">
          <div class="main-panel-header rounded-window-top">
            <span class="header-content">0 ignored methods</span>
          </div> <!-- main-panel-header rounded-window-top -->
          <div class="main-panel-content rounded-window-bottom">
          </div> <!-- main-panel-content rounded-window-bottom -->
        </div> <!-- panel -->
        <div panel-name="chronological-Command_line_suite" class="panel">
          <div class="main-panel-header rounded-window-top">
            <span class="header-content">Methods in chronological order</span>
          </div> <!-- main-panel-header rounded-window-top -->
          <div class="main-panel-content rounded-window-bottom">
            <div class="chronological-class">
              <div class="chronological-class-name">futuready.friends.HealthInsuranceTest</div> <!-- chronological-class-name -->
              <div class="configuration-test before">
                <span class="method-name">initialize</span>
                <span class="method-start">0 ms</span>
              </div> <!-- configuration-test before -->
            </div> <!-- chronological-class -->
            <div class="chronological-class">
              <div class="chronological-class-name">futuready.friends.LifeinsuranceTest</div> <!-- chronological-class-name -->
              <div class="configuration-test before">
                <span class="method-name">initialize</span>
                <span class="method-start">12490 ms</span>
              </div> <!-- configuration-test before -->
            </div> <!-- chronological-class -->
            <div class="chronological-class">
              <div class="chronological-class-name">futuready.friends.LoginPageTest</div> <!-- chronological-class-name -->
              <div class="configuration-test before">
                <img src="failed.png">
                </img>
                <span class="method-name">initialize</span>
                <span class="method-start">16222 ms</span>
              </div> <!-- configuration-test before -->
            </div> <!-- chronological-class -->
            <div class="chronological-class">
              <div class="chronological-class-name">futuready.friends.MotorInsuranceTest</div> <!-- chronological-class-name -->
              <div class="configuration-test before">
                <span class="method-name">initialize</span>
                <span class="method-start">26532 ms</span>
              </div> <!-- configuration-test before -->
            </div> <!-- chronological-class -->
            <div class="chronological-class">
              <div class="chronological-class-name">futuready.friends.PAInsuranceTest</div> <!-- chronological-class-name -->
              <div class="configuration-test before">
                <span class="method-name">initialize</span>
                <span class="method-start">26573 ms</span>
              </div> <!-- configuration-test before -->
            </div> <!-- chronological-class -->
            <div class="chronological-class">
              <div class="chronological-class-name">futuready.friends.HealthInsuranceTest</div> <!-- chronological-class-name -->
              <div class="test-method">
                <span class="method-name">createHealthInsurance</span>
                <span class="method-start">26787 ms</span>
              </div> <!-- test-method -->
            </div> <!-- chronological-class -->
            <div class="chronological-class">
              <div class="chronological-class-name">futuready.friends.LifeinsuranceTest</div> <!-- chronological-class-name -->
              <div class="test-method">
                <span class="method-name">createLifeInsurance</span>
                <span class="method-start">26813 ms</span>
              </div> <!-- test-method -->
            </div> <!-- chronological-class -->
            <div class="chronological-class">
              <div class="chronological-class-name">futuready.friends.LoginPageTest</div> <!-- chronological-class-name -->
              <div class="test-method">
                <span class="method-name">basePageNavigation</span>
                <span class="method-start">26816 ms</span>
              </div> <!-- test-method -->
            </div> <!-- chronological-class -->
            <div class="chronological-class">
              <div class="chronological-class-name">futuready.friends.MotorInsuranceTest</div> <!-- chronological-class-name -->
              <div class="test-method">
                <span class="method-name">createMotorInsurance</span>
                <span class="method-start">26819 ms</span>
              </div> <!-- test-method -->
            </div> <!-- chronological-class -->
            <div class="chronological-class">
              <div class="chronological-class-name">futuready.friends.PAInsuranceTest</div> <!-- chronological-class-name -->
              <div class="test-method">
                <span class="method-name">createPAInsurance</span>
                <span class="method-start">26822 ms</span>
              </div> <!-- test-method -->
            </div> <!-- chronological-class -->
            <div class="chronological-class">
              <div class="chronological-class-name">futuready.friends.HealthInsuranceTest</div> <!-- chronological-class-name -->
              <div class="configuration-test after">
                <span class="method-name">teardown</span>
                <span class="method-start">26833 ms</span>
              </div> <!-- configuration-test after -->
            </div> <!-- chronological-class -->
            <div class="chronological-class">
              <div class="chronological-class-name">futuready.friends.LifeinsuranceTest</div> <!-- chronological-class-name -->
              <div class="configuration-test after">
                <span class="method-name">teardown</span>
                <span class="method-start">26835 ms</span>
              </div> <!-- configuration-test after -->
            </div> <!-- chronological-class -->
            <div class="chronological-class">
              <div class="chronological-class-name">futuready.friends.LoginPageTest</div> <!-- chronological-class-name -->
              <div class="configuration-test after">
                <span class="method-name">teardown</span>
                <span class="method-start">26835 ms</span>
              </div> <!-- configuration-test after -->
            </div> <!-- chronological-class -->
            <div class="chronological-class">
              <div class="chronological-class-name">futuready.friends.MotorInsuranceTest</div> <!-- chronological-class-name -->
              <div class="configuration-test after">
                <span class="method-name">teardown</span>
                <span class="method-start">26837 ms</span>
              </div> <!-- configuration-test after -->
            </div> <!-- chronological-class -->
            <div class="chronological-class">
              <div class="chronological-class-name">futuready.friends.PAInsuranceTest</div> <!-- chronological-class-name -->
              <div class="configuration-test after">
                <span class="method-name">teardown</span>
                <span class="method-start">26837 ms</span>
              </div> <!-- configuration-test after -->
          </div> <!-- main-panel-content rounded-window-bottom -->
        </div> <!-- panel -->
      </div> <!-- main-panel-root -->
    </div> <!-- wrapper -->
  </body>
</html>
